# JRE version: Java(TM) SE Runtime Environment (8.0_05-b13) (build 1.8.0_05-b13)
# Java VM: Java HotSpot(TM) 64-Bit Server VM (25.5-b02 mixed mode windows-amd64 compressed oops)
Heap:
 PSYoungGen      total 16896K, used 5197K [0x00000000eab00000, 0x00000000ec000000, 0x0000000100000000)
  eden space 12288K, 7% used [0x00000000eab00000,0x00000000eabda850,0x00000000eb700000)
  from space 4608K, 93% used [0x00000000ebb80000,0x00000000ebfb8d88,0x00000000ec000000)
  to   space 4608K, 0% used [0x00000000eb700000,0x00000000eb700000,0x00000000ebb80000)
 ParOldGen       total 96768K, used 17774K [0x00000000c0000000, 0x00000000c5e80000, 0x00000000eab00000)
  object space 96768K, 18% used [0x00000000c0000000,0x00000000c115b998,0x00000000c5e80000)
 Metaspace       used 6100K, capacity 7060K, committed 7424K, reserved 1056768K
  class space    used 644K, capacity 652K, committed 768K, reserved 1048576K
GC Heap History (10 events):
Event: 0.590 GC heap before
{Heap before GC invocations=8 (full 0):
 PSYoungGen      total 5632K, used 4884K [0x00000000eab00000, 0x00000000eb800000, 0x0000000100000000)
  eden space 4096K, 81% used [0x00000000eab00000,0x00000000eae470a0,0x00000000eaf00000)
  from space 1536K, 99% used [0x00000000eaf00000,0x00000000eb07e228,0x00000000eb080000)
  to   space 2560K, 0% used [0x00000000eb580000,0x00000000eb580000,0x00000000eb800000)
 ParOldGen       total 96768K, used 4218K [0x00000000c0000000, 0x00000000c5e80000, 0x00000000eab00000)
  object space 96768K, 4% used [0x00000000c0000000,0x00000000c041ea90,0x00000000c5e80000)
 Metaspace       used 4689K, capacity 6224K, committed 6528K, reserved 1056768K
  class space    used 494K, capacity 584K, committed 640K, reserved 1048576K
Event: 0.592 GC heap after
Heap after GC invocations=8 (full 0):
 PSYoungGen      total 10240K, used 2547K [0x00000000eab00000, 0x00000000eb900000, 0x0000000100000000)
  eden space 7680K, 0% used [0x00000000eab00000,0x00000000eab00000,0x00000000eb280000)
  from space 2560K, 99% used [0x00000000eb580000,0x00000000eb7fccb0,0x00000000eb800000)
  to   space 3072K, 0% used [0x00000000eb280000,0x00000000eb280000,0x00000000eb580000)
 ParOldGen       total 96768K, used 4303K [0x00000000c0000000, 0x00000000c5e80000, 0x00000000eab00000)
  object space 96768K, 4% used [0x00000000c0000000,0x00000000c0433f90,0x00000000c5e80000)
 Metaspace       used 4689K, capacity 6224K, committed 6528K, reserved 1056768K
  class space    used 494K, capacity 584K, committed 640K, reserved 1048576K
}
Event: 0.812 GC heap before
{Heap before GC invocations=9 (full 0):
 PSYoungGen      total 10240K, used 10227K [0x00000000eab00000, 0x00000000eb900000, 0x0000000100000000)
  eden space 7680K, 100% used [0x00000000eab00000,0x00000000eb280000,0x00000000eb280000)
  from space 2560K, 99% used [0x00000000eb580000,0x00000000eb7fccb0,0x00000000eb800000)
  to   space 3072K, 0% used [0x00000000eb280000,0x00000000eb280000,0x00000000eb580000)
 ParOldGen       total 96768K, used 4303K [0x00000000c0000000, 0x00000000c5e80000, 0x00000000eab00000)
  object space 96768K, 4% used [0x00000000c0000000,0x00000000c0433f90,0x00000000c5e80000)
 Metaspace       used 6000K, capacity 6932K, committed 7168K, reserved 1056768K
  class space    used 643K, capacity 652K, committed 768K, reserved 1048576K
Event: 0.818 GC heap after
Heap after GC invocations=9 (full 0):
 PSYoungGen      total 10752K, used 3055K [0x00000000eab00000, 0x00000000ec000000, 0x0000000100000000)
  eden space 7680K, 0% used [0x00000000eab00000,0x00000000eab00000,0x00000000eb280000)
  from space 3072K, 99% used [0x00000000eb280000,0x00000000eb57beb0,0x00000000eb580000)
  to   space 4608K, 0% used [0x00000000ebb80000,0x00000000ebb80000,0x00000000ec000000)
 ParOldGen       total 96768K, used 6686K [0x00000000c0000000, 0x00000000c5e80000, 0x00000000eab00000)
  object space 96768K, 6% used [0x00000000c0000000,0x00000000c0687890,0x00000000c5e80000)
 Metaspace       used 6000K, capacity 6932K, committed 7168K, reserved 1056768K
  class space    used 643K, capacity 652K, committed 768K, reserved 1048576K
}
Event: 0.967 GC heap before
{Heap before GC invocations=10 (full 0):
 PSYoungGen      total 10752K, used 10735K [0x00000000eab00000, 0x00000000ec000000, 0x0000000100000000)
  eden space 7680K, 100% used [0x00000000eab00000,0x00000000eb280000,0x00000000eb280000)
  from space 3072K, 99% used [0x00000000eb280000,0x00000000eb57beb0,0x00000000eb580000)
  to   space 4608K, 0% used [0x00000000ebb80000,0x00000000ebb80000,0x00000000ec000000)
 ParOldGen       total 96768K, used 6686K [0x00000000c0000000, 0x00000000c5e80000, 0x00000000eab00000)
  object space 96768K, 6% used [0x00000000c0000000,0x00000000c0687890,0x00000000c5e80000)
 Metaspace       used 6085K, capacity 6996K, committed 7168K, reserved 1056768K
  class space    used 643K, capacity 652K, committed 768K, reserved 1048576K
Event: 0.970 GC heap after
Heap after GC invocations=10 (full 0):
 PSYoungGen      total 16896K, used 2402K [0x00000000eab00000, 0x00000000ec000000, 0x0000000100000000)
  eden space 12288K, 0% used [0x00000000eab00000,0x00000000eab00000,0x00000000eb700000)
  from space 4608K, 52% used [0x00000000ebb80000,0x00000000ebdd8998,0x00000000ec000000)
  to   space 4608K, 0% used [0x00000000eb700000,0x00000000eb700000,0x00000000ebb80000)
 ParOldGen       total 96768K, used 7391K [0x00000000c0000000, 0x00000000c5e80000, 0x00000000eab00000)
  object space 96768K, 7% used [0x00000000c0000000,0x00000000c0737d28,0x00000000c5e80000)
 Metaspace       used 6085K, capacity 6996K, committed 7168K, reserved 1056768K
  class space    used 643K, capacity 652K, committed 768K, reserved 1048576K
}
Event: 1.069 GC heap before
{Heap before GC invocations=11 (full 0):
 PSYoungGen      total 16896K, used 14690K [0x00000000eab00000, 0x00000000ec000000, 0x0000000100000000)
  eden space 12288K, 100% used [0x00000000eab00000,0x00000000eb700000,0x00000000eb700000)
  from space 4608K, 52% used [0x00000000ebb80000,0x00000000ebdd8998,0x00000000ec000000)
  to   space 4608K, 0% used [0x00000000eb700000,0x00000000eb700000,0x00000000ebb80000)
 ParOldGen       total 96768K, used 7391K [0x00000000c0000000, 0x00000000c5e80000, 0x00000000eab00000)
  object space 96768K, 7% used [0x00000000c0000000,0x00000000c0737d28,0x00000000c5e80000)
 Metaspace       used 6093K, capacity 6996K, committed 7168K, reserved 1056768K
  class space    used 644K, capacity 652K, committed 768K, reserved 1048576K
Event: 1.075 GC heap after
Heap after GC invocations=11 (full 0):
 PSYoungGen      total 16896K, used 4421K [0x00000000eab00000, 0x00000000ec000000, 0x0000000100000000)
  eden space 12288K, 0% used [0x00000000eab00000,0x00000000eab00000,0x00000000eb700000)
  from space 4608K, 95% used [0x00000000eb700000,0x00000000ebb51650,0x00000000ebb80000)
  to   space 4608K, 0% used [0x00000000ebb80000,0x00000000ebb80000,0x00000000ec000000)
 ParOldGen       total 96768K, used 11166K [0x00000000c0000000, 0x00000000c5e80000, 0x00000000eab00000)
  object space 96768K, 11% used [0x00000000c0000000,0x00000000c0ae7ab0,0x00000000c5e80000)
 Metaspace       used 6093K, capacity 6996K, committed 7168K, reserved 1056768K
  class space    used 644K, capacity 652K, committed 768K, reserved 1048576K
}
Event: 1.132 GC heap before
{Heap before GC invocations=12 (full 0):
 PSYoungGen      total 16896K, used 16709K [0x00000000eab00000, 0x00000000ec000000, 0x0000000100000000)
  eden space 12288K, 100% used [0x00000000eab00000,0x00000000eb700000,0x00000000eb700000)
  from space 4608K, 95% used [0x00000000eb700000,0x00000000ebb51650,0x00000000ebb80000)
  to   space 4608K, 0% used [0x00000000ebb80000,0x00000000ebb80000,0x00000000ec000000)
 ParOldGen       total 96768K, used 11166K [0x00000000c0000000, 0x00000000c5e80000, 0x00000000eab00000)
  object space 96768K, 11% used [0x00000000c0000000,0x00000000c0ae7ab0,0x00000000c5e80000)
 Metaspace       used 6100K, capacity 7060K, committed 7424K, reserved 1056768K
  class space    used 644K, capacity 652K, committed 768K, reserved 1048576K
Event: 1.139 GC heap after
Heap after GC invocations=12 (full 0):
 PSYoungGen      total 16896K, used 4323K [0x00000000eab00000, 0x00000000ec000000, 0x0000000100000000)
  eden space 12288K, 0% used [0x00000000eab00000,0x00000000eab00000,0x00000000eb700000)
  from space 4608K, 93% used [0x00000000ebb80000,0x00000000ebfb8d88,0x00000000ec000000)
  to   space 4608K, 0% used [0x00000000eb700000,0x00000000eb700000,0x00000000ebb80000)
 ParOldGen       total 96768K, used 17774K [0x00000000c0000000, 0x00000000c5e80000, 0x00000000eab00000)
  object space 96768K, 18% used [0x00000000c0000000,0x00000000c115b998,0x00000000c5e80000)
 Metaspace       used 6100K, capacity 7060K, committed 7424K, reserved 1056768K
  class space    used 644K, capacity 652K, committed 768K, reserved 1048576K
}

