# JRE version: Java(TM) SE Runtime Environment (8.0_05-b13) (build 1.8.0_05-b13)
# Java VM: Java HotSpot(TM) 64-Bit Server VM (25.5-b02 mixed mode windows-amd64 compressed oops)
Heap:
 PSYoungGen      total 17920K, used 15765K [0x00000000eab00000, 0x00000000ebf80000, 0x0000000100000000)
  eden space 14848K, 91% used [0x00000000eab00000,0x00000000eb852a00,0x00000000eb980000)
  from space 3072K, 69% used [0x00000000eb980000,0x00000000ebb92ad8,0x00000000ebc80000)
  to   space 3072K, 0% used [0x00000000ebc80000,0x00000000ebc80000,0x00000000ebf80000)
 ParOldGen       total 96768K, used 18136K [0x00000000c0000000, 0x00000000c5e80000, 0x00000000eab00000)
  object space 96768K, 18% used [0x00000000c0000000,0x00000000c11b63b8,0x00000000c5e80000)
 Metaspace       used 6112K, capacity 7060K, committed 7424K, reserved 1056768K
  class space    used 644K, capacity 652K, committed 768K, reserved 1048576K
GC Heap History (10 events):
Event: 0.957 GC heap before
{Heap before GC invocations=11 (full 0):
 PSYoungGen      total 8192K, used 7068K [0x00000000eab00000, 0x00000000eb700000, 0x0000000100000000)
  eden space 5632K, 85% used [0x00000000eab00000,0x00000000eafb5d78,0x00000000eb080000)
  from space 2560K, 87% used [0x00000000eb380000,0x00000000eb5b13c8,0x00000000eb600000)
  to   space 3072K, 0% used [0x00000000eb080000,0x00000000eb080000,0x00000000eb380000)
 ParOldGen       total 96768K, used 6247K [0x00000000c0000000, 0x00000000c5e80000, 0x00000000eab00000)
  object space 96768K, 6% used [0x00000000c0000000,0x00000000c0619f08,0x00000000c5e80000)
 Metaspace       used 6001K, capacity 6932K, committed 7168K, reserved 1056768K
  class space    used 643K, capacity 652K, committed 768K, reserved 1048576K
Event: 0.959 GC heap after
Heap after GC invocations=11 (full 0):
 PSYoungGen      total 8704K, used 1854K [0x00000000eab00000, 0x00000000eba00000, 0x0000000100000000)
  eden space 5632K, 0% used [0x00000000eab00000,0x00000000eab00000,0x00000000eb080000)
  from space 3072K, 60% used [0x00000000eb080000,0x00000000eb24f9f0,0x00000000eb380000)
  to   space 3072K, 0% used [0x00000000eb700000,0x00000000eb700000,0x00000000eba00000)
 ParOldGen       total 96768K, used 7300K [0x00000000c0000000, 0x00000000c5e80000, 0x00000000eab00000)
  object space 96768K, 7% used [0x00000000c0000000,0x00000000c07210b0,0x00000000c5e80000)
 Metaspace       used 6001K, capacity 6932K, committed 7168K, reserved 1056768K
  class space    used 643K, capacity 652K, committed 768K, reserved 1048576K
}
Event: 1.049 GC heap before
{Heap before GC invocations=12 (full 0):
 PSYoungGen      total 8704K, used 7486K [0x00000000eab00000, 0x00000000eba00000, 0x0000000100000000)
  eden space 5632K, 100% used [0x00000000eab00000,0x00000000eb080000,0x00000000eb080000)
  from space 3072K, 60% used [0x00000000eb080000,0x00000000eb24f9f0,0x00000000eb380000)
  to   space 3072K, 0% used [0x00000000eb700000,0x00000000eb700000,0x00000000eba00000)
 ParOldGen       total 96768K, used 7300K [0x00000000c0000000, 0x00000000c5e80000, 0x00000000eab00000)
  object space 96768K, 7% used [0x00000000c0000000,0x00000000c07210b0,0x00000000c5e80000)
 Metaspace       used 6063K, capacity 6996K, committed 7168K, reserved 1056768K
  class space    used 643K, capacity 652K, committed 768K, reserved 1048576K
Event: 1.052 GC heap after
Heap after GC invocations=12 (full 0):
 PSYoungGen      total 12288K, used 1338K [0x00000000eab00000, 0x00000000eba00000, 0x0000000100000000)
  eden space 9216K, 0% used [0x00000000eab00000,0x00000000eab00000,0x00000000eb400000)
  from space 3072K, 43% used [0x00000000eb700000,0x00000000eb84ea20,0x00000000eba00000)
  to   space 3072K, 0% used [0x00000000eb400000,0x00000000eb400000,0x00000000eb700000)
 ParOldGen       total 96768K, used 8572K [0x00000000c0000000, 0x00000000c5e80000, 0x00000000eab00000)
  object space 96768K, 8% used [0x00000000c0000000,0x00000000c085f0f8,0x00000000c5e80000)
 Metaspace       used 6063K, capacity 6996K, committed 7168K, reserved 1056768K
  class space    used 643K, capacity 652K, committed 768K, reserved 1048576K
}
Event: 1.144 GC heap before
{Heap before GC invocations=13 (full 0):
 PSYoungGen      total 12288K, used 10554K [0x00000000eab00000, 0x00000000eba00000, 0x0000000100000000)
  eden space 9216K, 100% used [0x00000000eab00000,0x00000000eb400000,0x00000000eb400000)
  from space 3072K, 43% used [0x00000000eb700000,0x00000000eb84ea20,0x00000000eba00000)
  to   space 3072K, 0% used [0x00000000eb400000,0x00000000eb400000,0x00000000eb700000)
 ParOldGen       total 96768K, used 8572K [0x00000000c0000000, 0x00000000c5e80000, 0x00000000eab00000)
  object space 96768K, 8% used [0x00000000c0000000,0x00000000c085f0f8,0x00000000c5e80000)
 Metaspace       used 6084K, capacity 6996K, committed 7168K, reserved 1056768K
  class space    used 643K, capacity 652K, committed 768K, reserved 1048576K
Event: 1.147 GC heap after
Heap after GC invocations=13 (full 0):
 PSYoungGen      total 12288K, used 2579K [0x00000000eab00000, 0x00000000ebf80000, 0x0000000100000000)
  eden space 9216K, 0% used [0x00000000eab00000,0x00000000eab00000,0x00000000eb400000)
  from space 3072K, 83% used [0x00000000eb400000,0x00000000eb684e80,0x00000000eb700000)
  to   space 3072K, 0% used [0x00000000ebc80000,0x00000000ebc80000,0x00000000ebf80000)
 ParOldGen       total 96768K, used 12758K [0x00000000c0000000, 0x00000000c5e80000, 0x00000000eab00000)
  object space 96768K, 13% used [0x00000000c0000000,0x00000000c0c75a58,0x00000000c5e80000)
 Metaspace       used 6084K, capacity 6996K, committed 7168K, reserved 1056768K
  class space    used 643K, capacity 652K, committed 768K, reserved 1048576K
}
Event: 1.217 GC heap before
{Heap before GC invocations=14 (full 0):
 PSYoungGen      total 12288K, used 11795K [0x00000000eab00000, 0x00000000ebf80000, 0x0000000100000000)
  eden space 9216K, 100% used [0x00000000eab00000,0x00000000eb400000,0x00000000eb400000)
  from space 3072K, 83% used [0x00000000eb400000,0x00000000eb684e80,0x00000000eb700000)
  to   space 3072K, 0% used [0x00000000ebc80000,0x00000000ebc80000,0x00000000ebf80000)
 ParOldGen       total 96768K, used 12758K [0x00000000c0000000, 0x00000000c5e80000, 0x00000000eab00000)
  object space 96768K, 13% used [0x00000000c0000000,0x00000000c0c75a58,0x00000000c5e80000)
 Metaspace       used 6096K, capacity 6996K, committed 7168K, reserved 1056768K
  class space    used 643K, capacity 652K, committed 768K, reserved 1048576K
Event: 1.219 GC heap after
Heap after GC invocations=14 (full 0):
 PSYoungGen      total 17920K, used 448K [0x00000000eab00000, 0x00000000ebf80000, 0x0000000100000000)
  eden space 14848K, 0% used [0x00000000eab00000,0x00000000eab00000,0x00000000eb980000)
  from space 3072K, 14% used [0x00000000ebc80000,0x00000000ebcf0000,0x00000000ebf80000)
  to   space 3072K, 0% used [0x00000000eb980000,0x00000000eb980000,0x00000000ebc80000)
 ParOldGen       total 96768K, used 15273K [0x00000000c0000000, 0x00000000c5e80000, 0x00000000eab00000)
  object space 96768K, 15% used [0x00000000c0000000,0x00000000c0eea4a8,0x00000000c5e80000)
 Metaspace       used 6096K, capacity 6996K, committed 7168K, reserved 1056768K
  class space    used 643K, capacity 652K, committed 768K, reserved 1048576K
}
Event: 1.313 GC heap before
{Heap before GC invocations=15 (full 0):
 PSYoungGen      total 17920K, used 15296K [0x00000000eab00000, 0x00000000ebf80000, 0x0000000100000000)
  eden space 14848K, 100% used [0x00000000eab00000,0x00000000eb980000,0x00000000eb980000)
  from space 3072K, 14% used [0x00000000ebc80000,0x00000000ebcf0000,0x00000000ebf80000)
  to   space 3072K, 0% used [0x00000000eb980000,0x00000000eb980000,0x00000000ebc80000)
 ParOldGen       total 96768K, used 15273K [0x00000000c0000000, 0x00000000c5e80000, 0x00000000eab00000)
  object space 96768K, 15% used [0x00000000c0000000,0x00000000c0eea4a8,0x00000000c5e80000)
 Metaspace       used 6107K, capacity 7060K, committed 7424K, reserved 1056768K
  class space    used 644K, capacity 652K, committed 768K, reserved 1048576K
Event: 1.316 GC heap after
Heap after GC invocations=15 (full 0):
 PSYoungGen      total 17920K, used 2122K [0x00000000eab00000, 0x00000000ebf80000, 0x0000000100000000)
  eden space 14848K, 0% used [0x00000000eab00000,0x00000000eab00000,0x00000000eb980000)
  from space 3072K, 69% used [0x00000000eb980000,0x00000000ebb92ad8,0x00000000ebc80000)
  to   space 3072K, 0% used [0x00000000ebc80000,0x00000000ebc80000,0x00000000ebf80000)
 ParOldGen       total 96768K, used 18136K [0x00000000c0000000, 0x00000000c5e80000, 0x00000000eab00000)
  object space 96768K, 18% used [0x00000000c0000000,0x00000000c11b63b8,0x00000000c5e80000)
 Metaspace       used 6107K, capacity 7060K, committed 7424K, reserved 1056768K
  class space    used 644K, capacity 652K, committed 768K, reserved 1048576K
}

